[20250806 01:18:13 941901][2835994592][FATAL][main.cpp:117]battle started with arguments:
--log-filename=log/battle.log
--log-level=3
--max-request-size=102400
--max-response-size=1024000
--backlog-num=50
--public-service-num=20
--public-network-num=5
--public-addr=0.0.0.0
--public-port=1234
--read-timeout=1000
--write-timeout=1000
--config-file=conf/config.xml
--skill-path=data/skill.csv
--buffer-path=data/buffer.csv
--target-path=data/target.csv

[20250806 10:22:36 015019][3249113056][FATAL][main.cpp:117]battle started with arguments:
--log-filename=log/battle.log
--log-level=3
--max-request-size=102400
--max-response-size=1024000
--backlog-num=50
--public-service-num=20
--public-network-num=5
--public-addr=0.0.0.0
--public-port=1234
--read-timeout=1000
--write-timeout=1000
--config-file=conf/config.xml
--skill-path=data/skill.csv
--buffer-path=data/buffer.csv
--target-path=data/target.csv

